2021-12-09T10:23:35.074Z - normal: Load ~/.CocosCreator/settings.json
2021-12-09T10:23:35.118Z - normal: Initializing Asset Database
2021-12-09T10:23:35.120Z - normal: checking language setting...
2021-12-09T10:23:35.120Z - normal: Language: en
2021-12-09T10:23:35.824Z - success: preview server running at http://localhost:7456
2021-12-09T10:23:35.837Z - success: protocol editor-framework registered
2021-12-09T10:23:35.837Z - success: protocol app registered
2021-12-09T10:23:35.837Z - success: protocol theme registered
2021-12-09T10:23:35.838Z - success: protocol packages registered
2021-12-09T10:23:35.838Z - success: protocol uuid registerred
2021-12-09T10:23:35.838Z - success: protocol db registerred
2021-12-09T10:23:35.838Z - success: protocol thumbnail registerred
2021-12-09T10:23:35.838Z - success: protocol unpack registerred
2021-12-09T10:23:35.838Z - success: protocol disable-commonjs registerred
2021-12-09T10:23:37.546Z - normal: connected!
2021-12-09T10:23:37.547Z - normal: Check project /Users/fe-danghai-fresher/Desktop/CocosTraining/Buoi1
2021-12-09T10:23:37.548Z - normal: Initializing project /Users/fe-danghai-fresher/Desktop/CocosTraining/Buoi1
2021-12-09T10:23:37.856Z - normal: Initializing Cocos2d
2021-12-09T10:23:38.490Z - normal: Initializing engine extends
2021-12-09T10:23:38.531Z - success: alipay-adapter loaded
2021-12-09T10:23:38.541Z - success: asset-db-debugger loaded
2021-12-09T10:23:38.545Z - success: baidu-adapter loaded
2021-12-09T10:23:38.549Z - success: color-picker loaded
2021-12-09T10:23:38.707Z - success: fb-audience-network loaded
2021-12-09T10:23:38.755Z - success: fb-live-stream loaded
2021-12-09T10:23:38.758Z - success: google-play-instant loaded
2021-12-09T10:23:38.764Z - success: huawei-runtime loaded
2021-12-09T10:23:38.958Z - success: cpk-publish loaded
2021-12-09T10:23:38.959Z - success: jsb-adapter loaded
2021-12-09T10:23:38.963Z - success: oppo-runtime loaded
2021-12-09T10:23:38.966Z - success: package-manager loaded
2021-12-09T10:23:39.057Z - success: qqplay-adapter loaded
2021-12-09T10:23:39.059Z - success: runtime-dev-tools loaded
2021-12-09T10:23:39.063Z - success: sdkbox loaded
2021-12-09T10:23:39.066Z - success: tester loaded
2021-12-09T10:23:39.068Z - success: ui-kit-preview-extra loaded
2021-12-09T10:23:39.071Z - success: ui-kit-preview loaded
2021-12-09T10:23:39.073Z - success: ui-kit loaded
2021-12-09T10:23:39.078Z - success: vivo-runtime loaded
2021-12-09T10:23:39.079Z - success: weapp-adapter loaded
2021-12-09T10:23:39.079Z - success: xiaomi-adapter loaded
2021-12-09T10:23:39.081Z - success: alipay-minigame loaded
2021-12-09T10:23:39.111Z - success: assets loaded
2021-12-09T10:23:39.113Z - success: builder loaded
2021-12-09T10:23:39.350Z - success: cocos-services loaded
2021-12-09T10:23:39.356Z - success: console loaded
2021-12-09T10:23:39.385Z - success: fb-instant-games loaded
2021-12-09T10:23:39.388Z - success: game-window loaded
2021-12-09T10:23:39.389Z - success: google-instant-games loaded
2021-12-09T10:23:39.394Z - success: hierarchy loaded
2021-12-09T10:23:39.397Z - success: inspector loaded
2021-12-09T10:23:39.398Z - success: keystore loaded
2021-12-09T10:23:39.402Z - success: node-library loaded
2021-12-09T10:23:39.403Z - success: package-asset loaded
2021-12-09T10:23:39.405Z - success: preferences loaded
2021-12-09T10:23:39.407Z - success: project-exporter loaded
2021-12-09T10:23:39.410Z - success: project-importer loaded
2021-12-09T10:23:39.413Z - success: project-settings loaded
2021-12-09T10:23:39.417Z - success: scene loaded
2021-12-09T10:23:39.418Z - success: simulator-debugger loaded
2021-12-09T10:23:39.419Z - success: sprite-editor loaded
2021-12-09T10:23:39.422Z - success: store loaded
2021-12-09T10:23:39.428Z - success: timeline loaded
2021-12-09T10:23:39.431Z - success: xiaomi-runtime loaded
2021-12-09T10:23:41.258Z - info: Cocos Services load base data!
2021-12-09T10:23:43.524Z - normal: Loading packages
2021-12-09T10:23:43.528Z - normal: Watching packages
2021-12-09T10:23:43.608Z - normal: Run Application
2021-12-09T10:24:06.344Z - info: shutdown preview server
